<?xml version="1.0" encoding="UTF-8"?>
<!-- Generated by org.testng.reporters.JUnitXMLReporter -->
<testsuite ignored="0" hostname="DESKTOP-24CUK9I" failures="1" tests="4" name="Test" time="9.782" errors="0" timestamp="11 Jun 2024 08:45:30 GMT">
  <testcase classname="api.TestCases.SampleTests" name="postData" time="3.231"/>
  <testcase classname="api.TestCases.SampleTests" name="updateData" time="1.873">
    <failure type="java.lang.AssertionError" message="expected [salvador.sanford] but found [null]">
      <![CDATA[java.lang.AssertionError: expected [salvador.sanford] but found [null]
	at api.TestCases.SampleTests.updateData(SampleTests.java:53)
... Removed 31 stack frames]]>
    </failure>
  </testcase> <!-- updateData -->
  <testcase classname="api.TestCases.SampleTests" name="getData" time="1.347"/>
  <testcase classname="api.TestCases.SampleTests" name="deleteData" time="3.044"/>
</testsuite> <!-- Test -->
