<?xml version="1.0" encoding="UTF-8"?>
<!-- Generated by org.testng.reporters.JUnitXMLReporter -->
<testsuite ignored="0" hostname="DESKTOP-24CUK9I" failures="0" tests="4" name="Test" time="10.608" errors="0" timestamp="11 Jun 2024 08:53:58 GMT">
  <testcase classname="api.TestCases.SampleTests" name="postData" time="2.709"/>
  <testcase classname="api.TestCases.SampleTests" name="updateData" time="3.302"/>
  <testcase classname="api.TestCases.SampleTests" name="getData" time="1.479"/>
  <testcase classname="api.TestCases.SampleTests" name="deleteData" time="2.876"/>
</testsuite> <!-- Test -->
