<?xml version="1.0" encoding="UTF-8"?>
<testsuite xmlns:xsi="http://www.w3.org/2001/XMLSchema-instance" xsi:noNamespaceSchemaLocation="https://maven.apache.org/surefire/maven-surefire-plugin/xsd/surefire-test-report-3.0.xsd" version="3.0" name="TestSuite" time="12.091" tests="4" errors="0" skipped="0" failures="0">
  <properties>
[...]
</properties>
  <testcase name="postData" classname="api.TestCases.SampleTests" time="2.709">
    <system-out><![CDATA[[TestNGContentHandler] [WARN] It is strongly recommended to add "<!DOCTYPE suite SYSTEM "http://testng.org/testng-1.0.dtd" >" at the top of your file, otherwise TestNG may fail or not work as expected.
HTTP/1.1 200 OK
Date: Tue, 11 Jun 2024 08:53:50 GMT
Content-Type: application/json
Transfer-Encoding: chunked
Connection: keep-alive
Access-Control-Allow-Origin: *
Access-Control-Allow-Methods: GET, POST, DELETE, PUT
Access-Control-Allow-Headers: Content-Type, api_key, Authorization
Server: Jetty(9.2.9.v20150224)

{
    "code": 200,
    "type": "unknown",
    "message": "394"
}
]]></system-out>
  </testcase>
  <testcase name="updateData" classname="api.TestCases.SampleTests" time="3.301">
    <system-out><![CDATA[405
{
    "id": 394,
    "username": "henriette.mccullough",
    "email": "hubert.johnson@gmail.com",
    "password": "shns0ktnawo",
    "userStatus": 1
}
]]></system-out>
  </testcase>
  <testcase name="getData" classname="api.TestCases.SampleTests" time="1.479">
    <system-out><![CDATA[HTTP/1.1 200 OK
Date: Tue, 11 Jun 2024 08:53:54 GMT
Content-Type: application/json
Transfer-Encoding: chunked
Connection: keep-alive
Access-Control-Allow-Origin: *
Access-Control-Allow-Methods: GET, POST, DELETE, PUT
Access-Control-Allow-Headers: Content-Type, api_key, Authorization
Server: Jetty(9.2.9.v20150224)

{
    "id": 394,
    "username": "henriette.mccullough",
    "email": "hubert.johnson@gmail.com",
    "password": "shns0ktnawo",
    "userStatus": 1
}
]]></system-out>
  </testcase>
  <testcase name="deleteData" classname="api.TestCases.SampleTests" time="2.876">
    <system-out><![CDATA[200
HTTP/1.1 404 Not Found
Date: Tue, 11 Jun 2024 08:53:57 GMT
Content-Type: application/json
Transfer-Encoding: chunked
Connection: keep-alive
Access-Control-Allow-Origin: *
Access-Control-Allow-Methods: GET, POST, DELETE, PUT
Access-Control-Allow-Headers: Content-Type, api_key, Authorization
Server: Jetty(9.2.9.v20150224)

{
    "code": 1,
    "type": "error",
    "message": "User not found"
}
]]></system-out>
  </testcase>
</testsuite>