<?xml version="1.0" encoding="UTF-8"?>
<testng-results ignored="0" total="4" passed="4" failed="0" skipped="0">
  <reporter-output>
  </reporter-output>
  <suite started-at="2024-06-11T08:53:47Z" name="Suite" finished-at="2024-06-11T08:53:58Z" duration-ms="10608">
    <groups>
    </groups>
    <test started-at="2024-06-11T08:53:47Z" name="Test" finished-at="2024-06-11T08:53:58Z" duration-ms="10608">
      <class name="api.TestCases.SampleTests">
        <test-method is-config="true" signature="setupData()[pri:0, instance:api.TestCases.SampleTests@5167f57d]" started-at="2024-06-11T14:23:47Z" name="setupData" finished-at="2024-06-11T14:23:47Z" duration-ms="126" status="PASS">
          <reporter-output>
          </reporter-output>
        </test-method> <!-- setupData -->
        <test-method signature="postData()[pri:1, instance:api.TestCases.SampleTests@5167f57d]" started-at="2024-06-11T14:23:47Z" name="postData" finished-at="2024-06-11T14:23:50Z" duration-ms="2709" status="PASS">
          <reporter-output>
          </reporter-output>
        </test-method> <!-- postData -->
        <test-method signature="updateData()[pri:2, instance:api.TestCases.SampleTests@5167f57d]" started-at="2024-06-11T14:23:50Z" name="updateData" finished-at="2024-06-11T14:23:53Z" duration-ms="3302" status="PASS">
          <reporter-output>
          </reporter-output>
        </test-method> <!-- updateData -->
        <test-method signature="getData()[pri:3, instance:api.TestCases.SampleTests@5167f57d]" started-at="2024-06-11T14:23:53Z" name="getData" finished-at="2024-06-11T14:23:55Z" duration-ms="1479" status="PASS">
          <reporter-output>
          </reporter-output>
        </test-method> <!-- getData -->
        <test-method signature="deleteData()[pri:4, instance:api.TestCases.SampleTests@5167f57d]" started-at="2024-06-11T14:23:55Z" name="deleteData" finished-at="2024-06-11T14:23:58Z" duration-ms="2876" status="PASS">
          <reporter-output>
          </reporter-output>
        </test-method> <!-- deleteData -->
      </class> <!-- api.TestCases.SampleTests -->
    </test> <!-- Test -->
  </suite> <!-- Suite -->
</testng-results>
