<?xml version="1.0" encoding="UTF-8"?>
<testng-results ignored="0" total="4" passed="3" failed="1" skipped="0">
  <reporter-output>
  </reporter-output>
  <suite started-at="2024-06-11T08:48:50Z" name="Default suite" finished-at="2024-06-11T08:49:00Z" duration-ms="9932">
    <groups>
    </groups>
    <test started-at="2024-06-11T08:48:50Z" name="Default test" finished-at="2024-06-11T08:49:00Z" duration-ms="9932">
      <class name="api.TestCases.SampleTests">
        <test-method is-config="true" signature="setupData()[pri:0, instance:api.TestCases.SampleTests@5dcb4f5f]" started-at="2024-06-11T14:18:50Z" name="setupData" finished-at="2024-06-11T14:18:51Z" duration-ms="126" status="PASS">
          <reporter-output>
          </reporter-output>
        </test-method> <!-- setupData -->
        <test-method signature="postData()[pri:1, instance:api.TestCases.SampleTests@5dcb4f5f]" started-at="2024-06-11T14:18:51Z" name="postData" finished-at="2024-06-11T14:18:54Z" duration-ms="3461" status="PASS">
          <reporter-output>
          </reporter-output>
        </test-method> <!-- postData -->
        <test-method signature="updateData()[pri:2, instance:api.TestCases.SampleTests@5dcb4f5f]" started-at="2024-06-11T14:18:54Z" name="updateData" finished-at="2024-06-11T14:18:56Z" duration-ms="1923" status="FAIL">
          <exception class="java.lang.NullPointerException">
            <message>
              <![CDATA[Cannot invoke "Object.toString()" because the return value of "io.restassured.path.json.JsonPath.get(String)" is null]]>
            </message>
            <full-stacktrace>
              <![CDATA[java.lang.NullPointerException: Cannot invoke "Object.toString()" because the return value of "io.restassured.path.json.JsonPath.get(String)" is null
	at api.TestCases.SampleTests.updateData(SampleTests.java:53)
	at java.base/jdk.internal.reflect.NativeMethodAccessorImpl.invoke0(Native Method)
	at java.base/jdk.internal.reflect.NativeMethodAccessorImpl.invoke(NativeMethodAccessorImpl.java:77)
	at java.base/jdk.internal.reflect.DelegatingMethodAccessorImpl.invoke(DelegatingMethodAccessorImpl.java:43)
	at java.base/java.lang.reflect.Method.invoke(Method.java:568)
	at org.testng.internal.MethodInvocationHelper.invokeMethod(MethodInvocationHelper.java:104)
	at org.testng.internal.Invoker.invokeMethod(Invoker.java:645)
	at org.testng.internal.Invoker.invokeTestMethod(Invoker.java:851)
	at org.testng.internal.Invoker.invokeTestMethods(Invoker.java:1177)
	at org.testng.internal.TestMethodWorker.invokeTestMethods(TestMethodWorker.java:129)
	at org.testng.internal.TestMethodWorker.run(TestMethodWorker.java:112)
	at org.testng.TestRunner.privateRun(TestRunner.java:756)
	at org.testng.TestRunner.run(TestRunner.java:610)
	at org.testng.SuiteRunner.runTest(SuiteRunner.java:387)
	at org.testng.SuiteRunner.runSequentially(SuiteRunner.java:382)
	at org.testng.SuiteRunner.privateRun(SuiteRunner.java:340)
	at org.testng.SuiteRunner.run(SuiteRunner.java:289)
	at org.testng.SuiteRunnerWorker.runSuite(SuiteRunnerWorker.java:52)
	at org.testng.SuiteRunnerWorker.run(SuiteRunnerWorker.java:86)
	at org.testng.TestNG.runSuitesSequentially(TestNG.java:1293)
	at org.testng.TestNG.runSuitesLocally(TestNG.java:1218)
	at org.testng.TestNG.runSuites(TestNG.java:1133)
	at org.testng.TestNG.run(TestNG.java:1104)
	at org.testng.remote.AbstractRemoteTestNG.run(AbstractRemoteTestNG.java:115)
	at org.testng.remote.RemoteTestNG.initAndRun(RemoteTestNG.java:251)
	at org.testng.remote.RemoteTestNG.main(RemoteTestNG.java:77)
]]>
            </full-stacktrace>
          </exception> <!-- java.lang.NullPointerException -->
          <reporter-output>
          </reporter-output>
        </test-method> <!-- updateData -->
        <test-method signature="getData()[pri:3, instance:api.TestCases.SampleTests@5dcb4f5f]" started-at="2024-06-11T14:18:56Z" name="getData" finished-at="2024-06-11T14:18:57Z" duration-ms="1503" status="PASS">
          <reporter-output>
          </reporter-output>
        </test-method> <!-- getData -->
        <test-method signature="deleteData()[pri:4, instance:api.TestCases.SampleTests@5dcb4f5f]" started-at="2024-06-11T14:18:57Z" name="deleteData" finished-at="2024-06-11T14:19:00Z" duration-ms="2897" status="PASS">
          <reporter-output>
          </reporter-output>
        </test-method> <!-- deleteData -->
      </class> <!-- api.TestCases.SampleTests -->
    </test> <!-- Default test -->
  </suite> <!-- Default suite -->
</testng-results>
